<?xml version="1.0" encoding="UTF-8"?>
<!-- Generated by org.testng.reporters.JUnitReportReporter -->
<testsuite hostname="DESKTOP-M46CBO6" failures="0" tests="6" name="api.test.DataDrivenTests" time="13.418" errors="0" timestamp="2024-05-30T17:11:08 IST" skipped="0">
  <testcase classname="api.test.DataDrivenTests" name="testPostUser" time="5.619"/>
  <testcase classname="api.test.DataDrivenTests" name="testPostUser" time="1.569"/>
  <testcase classname="api.test.DataDrivenTests" name="testPostUser" time="1.570"/>
  <testcase classname="api.test.DataDrivenTests" name="testdeleteUserByName" time="1.516"/>
  <testcase classname="api.test.DataDrivenTests" name="testdeleteUserByName" time="1.547"/>
  <testcase classname="api.test.DataDrivenTests" name="testdeleteUserByName" time="1.597"/>
</testsuite> <!-- api.test.DataDrivenTests -->
