<?xml version="1.0" encoding="UTF-8"?>
<!-- Generated by org.testng.reporters.JUnitReportReporter -->
<testsuite hostname="DESKTOP-M46CBO6" failures="0" tests="4" name="api.test.UserTests" time="14.338" errors="0" timestamp="2024-05-30T17:59:40 IST" skipped="0">
  <testcase classname="api.test.UserTests" name="testPostUser" time="8.285"/>
  <testcase classname="api.test.UserTests" name="testGetUser" time="1.607"/>
  <testcase classname="api.test.UserTests" name="testUpdateUserByName" time="2.915"/>
  <testcase classname="api.test.UserTests" name="testdelUser" time="1.531"/>
</testsuite> <!-- api.test.UserTests -->
