<?xml version="1.0" encoding="UTF-8"?>
<!-- Generated by org.testng.reporters.JUnitReportReporter -->
<testsuite hostname="DESKTOP-M46CBO6" failures="0" tests="4" name="api.test.UserTests" time="7.605" errors="0" timestamp="2024-05-30T22:06:19 IST" skipped="0">
  <testcase classname="api.test.UserTests" name="testPostUser" time="1.621"/>
  <testcase classname="api.test.UserTests" name="testGetUser" time="1.488"/>
  <testcase classname="api.test.UserTests" name="testUpdateUserByName" time="3.053"/>
  <testcase classname="api.test.UserTests" name="testdelUser" time="1.443"/>
</testsuite> <!-- api.test.UserTests -->
