<?xml version="1.0" encoding="UTF-8"?>
<!-- Generated by org.testng.reporters.JUnitReportReporter -->
<testsuite hostname="DESKTOP-M46CBO6" failures="0" tests="6" name="api.test.DataDrivenTests" time="17.506" errors="0" timestamp="2024-05-30T20:04:30 IST" skipped="0">
  <testcase classname="api.test.DataDrivenTests" name="testPostUser" time="1.459"/>
  <testcase classname="api.test.DataDrivenTests" name="testPostUser" time="1.464"/>
  <testcase classname="api.test.DataDrivenTests" name="testPostUser" time="10.045"/>
  <testcase classname="api.test.DataDrivenTests" name="testdeleteUserByName" time="1.404"/>
  <testcase classname="api.test.DataDrivenTests" name="testdeleteUserByName" time="1.715"/>
  <testcase classname="api.test.DataDrivenTests" name="testdeleteUserByName" time="1.419"/>
</testsuite> <!-- api.test.DataDrivenTests -->
