<?xml version="1.0" encoding="UTF-8"?>
<!-- Generated by org.testng.reporters.JUnitReportReporter -->
<testsuite hostname="DESKTOP-M46CBO6" failures="0" tests="6" name="api.test.DataDrivenTests" time="12.286" errors="0" timestamp="2024-05-30T22:06:19 IST" skipped="0">
  <testcase classname="api.test.DataDrivenTests" name="testPostUser" time="5.178"/>
  <testcase classname="api.test.DataDrivenTests" name="testPostUser" time="1.398"/>
  <testcase classname="api.test.DataDrivenTests" name="testPostUser" time="1.490"/>
  <testcase classname="api.test.DataDrivenTests" name="testdeleteUserByName" time="1.443"/>
  <testcase classname="api.test.DataDrivenTests" name="testdeleteUserByName" time="1.381"/>
  <testcase classname="api.test.DataDrivenTests" name="testdeleteUserByName" time="1.396"/>
</testsuite> <!-- api.test.DataDrivenTests -->
